Arguments: 
  C:\Program Files\nodejs\node.exe C:\Users\pandong\AppData\Roaming\npm\node_modules\yarn\bin\yarn.js add react-scripts

PATH: 
  C:\Windows\system32;C:\Windows;C:\Windows\System32\Wbem;C:\Windows\System32\WindowsPowerShell\v1.0\;C:\Windows\System32\OpenSSH\;C:\Program Files\Microsoft SQL Server\130\Tools\Binn\;C:\Program Files\dotnet\;F:\Program Files\Git\cmd;F:\Program Files\TortoiseGit\bin;C:\Program Files\nodejs\;F:\Program Files (x86)\CMake\bin;F:\Program Files\Git\mingw64\bin;C:\Users\pandong\AppData\Local\Microsoft\WindowsApps;C:\Users\pandong\AppData\Local\Polycom\RealPresence Desktop\;F:\Program Files\Microsoft VS Code\bin;F:\Program Files\Fiddler;C:\Users\pandong\AppData\Roaming\npm;C:\Users\pandong\.dotnet\tools

Yarn version: 
  1.22.10

Node version: 
  14.15.1

Platform: 
  win32 x64

Trace: 
  Error: EEXIST: file already exists, mkdir 'E:\Git\github-YanYuXieYang\react.js16\ch13\calculator\node_modules\renderkid\node_modules\dom-serializer\node_modules'

npm manifest: 
  {
    "name": "counter",
    "version": "0.0.1",
    "private": true,
    "devDependencies": {
      "enzyme": "^3.9.0",
      "enzyme-adapter-react-16": "^1.12.1",
      "react-scripts": "^3.0.0"
    },
    "dependencies": {
      "prop-types": "^15.7.2",
      "react": "^16.8.6",
      "react-dom": "^16.8.6",
      "react-redux": "^7.0.2",
      "redux": "^4.0.1"
    },
    "scripts": {
      "start": "react-scripts start",
      "build": "react-scripts build",
      "eject": "react-scripts eject",
      "test": "react-scripts test --env=node"
    },
    "browserslist": [
      ">0.2%",
      "not dead",
      "not ie <= 11",
      "not op_mini all"
    ]
  }

yarn manifest: 
  No manifest

Lockfile: 
  No lockfile
